nextnet@asus-g815:~$ docker logs -f robot1
Waiting for /gazebo node to start...
/gazebo node has started!
Waiting for /spawn_entity service to start...
/spawn_entity service is available!
Launching TurtleBot3 with the following parameters:
Namespace: robot1
X Pose: 2.0
Y Pose: 2.0
Nav2:  TRUE
[INFO] [launch]: All log files can be found below /home/agent/.ros/log/2026-06-18-22-29-08-307969-robot1-197
[INFO] [launch]: Default logging verbosity is set to INFO
[INFO] [robot_state_publisher-1]: process started with pid [198]
[INFO] [spawn_entity.py-2]: process started with pid [200]
[INFO] [mission_agent-3]: process started with pid [202]
[mission_agent-3] [INFO] [1781821748.373103816] [robot1.mission_agent]: mission_agent ready: robot_id=robot1 control=cmd_vel tick=10.0Hz
[robot_state_publisher-1] [INFO] [1781821748.377438576] [robot1.robot_state_publisher]: got segment base_footprint
[robot_state_publisher-1] [INFO] [1781821748.377530032] [robot1.robot_state_publisher]: got segment base_link
[robot_state_publisher-1] [INFO] [1781821748.377536220] [robot1.robot_state_publisher]: got segment base_scan
[robot_state_publisher-1] [INFO] [1781821748.377539701] [robot1.robot_state_publisher]: got segment caster_back_link
[robot_state_publisher-1] [INFO] [1781821748.377542831] [robot1.robot_state_publisher]: got segment imu_link
[robot_state_publisher-1] [INFO] [1781821748.377545852] [robot1.robot_state_publisher]: got segment wheel_left_link
[robot_state_publisher-1] [INFO] [1781821748.377548779] [robot1.robot_state_publisher]: got segment wheel_right_link
[spawn_entity.py-2] [INFO] [1781821748.542730174] [spawn_entity]: Spawn Entity started
[spawn_entity.py-2] [INFO] [1781821748.542892018] [spawn_entity]: Loading entity XML from file /home/agent/ros2_ws/install/turtlebot3_gazebo/share/turtlebot3_gazebo/models/turtlebot3_burger/model.sdf
[spawn_entity.py-2] [INFO] [1781821748.543292797] [spawn_entity]: Waiting for service /spawn_entity, timeout = 300
[spawn_entity.py-2] [INFO] [1781821748.543416972] [spawn_entity]: Waiting for service /spawn_entity
[spawn_entity.py-2] [INFO] [1781821748.545512610] [spawn_entity]: Calling service /spawn_entity
[spawn_entity.py-2] [INFO] [1781821749.712664917] [spawn_entity]: Spawn status: SpawnEntity: Successfully spawned entity [robot1_burger]
[INFO] [spawn_entity.py-2]: process has finished cleanly [pid 200]
[mission_agent-3] [INFO] [1781821752.675311809] [robot1.mission_agent]: Assignment received: 8 waypoint(s) (completed so far: 0)
[mission_agent-3] [INFO] [1781821769.773178523] [robot1.mission_agent]: Waypoint 1/8 reached.
[mission_agent-3] [INFO] [1781821788.073074421] [robot1.mission_agent]: Waypoint 2/8 reached.
[mission_agent-3] [INFO] [1781821806.272790970] [robot1.mission_agent]: Waypoint 3/8 reached.