nextnet@asus-g815:~$ docker logs robot2
Waiting for /gazebo node to start...
/gazebo node has started!
Waiting for /spawn_entity service to start...
/spawn_entity service is available!
Launching TurtleBot3 with the following parameters:
Namespace: robot2
X Pose: -2.0
Y Pose: 2.0
Nav2:  TRUE
[INFO] [launch]: All log files can be found below /home/agent/.ros/log/2026-06-18-22-29-08-307944-robot2-198
[INFO] [launch]: Default logging verbosity is set to INFO
[INFO] [robot_state_publisher-1]: process started with pid [199]
[INFO] [spawn_entity.py-2]: process started with pid [201]
[INFO] [mission_agent-3]: process started with pid [203]
[mission_agent-3] [INFO] [1781821748.373264714] [robot2.mission_agent]: mission_agent ready: robot_id=robot2 control=cmd_vel tick=10.0Hz
[robot_state_publisher-1] [INFO] [1781821748.376951394] [robot2.robot_state_publisher]: got segment base_footprint
[robot_state_publisher-1] [INFO] [1781821748.377012225] [robot2.robot_state_publisher]: got segment base_link
[robot_state_publisher-1] [INFO] [1781821748.377018213] [robot2.robot_state_publisher]: got segment base_scan
[robot_state_publisher-1] [INFO] [1781821748.377021564] [robot2.robot_state_publisher]: got segment caster_back_link
[robot_state_publisher-1] [INFO] [1781821748.377024694] [robot2.robot_state_publisher]: got segment imu_link
[robot_state_publisher-1] [INFO] [1781821748.377027661] [robot2.robot_state_publisher]: got segment wheel_left_link
[robot_state_publisher-1] [INFO] [1781821748.377030555] [robot2.robot_state_publisher]: got segment wheel_right_link
[spawn_entity.py-2] [INFO] [1781821748.547018194] [spawn_entity]: Spawn Entity started
[spawn_entity.py-2] [INFO] [1781821748.547189661] [spawn_entity]: Loading entity XML from file /home/agent/ros2_ws/install/turtlebot3_gazebo/share/turtlebot3_gazebo/models/turtlebot3_burger/model.sdf
[spawn_entity.py-2] [INFO] [1781821748.547635250] [spawn_entity]: Waiting for service /spawn_entity, timeout = 300
[spawn_entity.py-2] [INFO] [1781821748.547759546] [spawn_entity]: Waiting for service /spawn_entity
[spawn_entity.py-2] [INFO] [1781821748.549824275] [spawn_entity]: Calling service /spawn_entity
[spawn_entity.py-2] [INFO] [1781821748.914557243] [spawn_entity]: Spawn status: SpawnEntity: Successfully spawned entity [robot2_burger]
[INFO] [spawn_entity.py-2]: process has finished cleanly [pid 201]
[mission_agent-3] [INFO] [1781821752.675318209] [robot2.mission_agent]: Assignment received: 8 waypoint(s) (completed so far: 0)
[mission_agent-3] [INFO] [1781821771.773235765] [robot2.mission_agent]: Waypoint 1/8 reached.
[mission_agent-3] [INFO] [1781821789.973158511] [robot2.mission_agent]: Waypoint 2/8 reached.
[mission_agent-3] [INFO] [1781821808.173221704] [robot2.mission_agent]: Waypoint 3/8 reached.